Command line
python /Users/maximattiogbe/.pyenv/versions/3.13.2/bin/chemprop_train --data_path data/min_energy_sample_100.csv --dataset_type regression --save_dir models/chemprop_100
Args
{'activation': 'ReLU',
 'adding_h': False,
 'aggregation': 'mean',
 'aggregation_norm': 100,
 'atom_descriptor_scaling': True,
 'atom_descriptors': None,
 'atom_descriptors_path': None,
 'atom_descriptors_size': 0,
 'atom_features_size': 0,
 'atom_messages': False,
 'batch_size': 50,
 'bias': False,
 'bias_solvent': False,
 'bond_feature_scaling': True,
 'bond_features_path': None,
 'bond_features_size': 0,
 'cache_cutoff': 10000,
 'checkpoint_dir': None,
 'checkpoint_frzn': None,
 'checkpoint_path': None,
 'checkpoint_paths': None,
 'class_balance': False,
 'config_path': None,
 'crossval_index_dir': None,
 'crossval_index_file': None,
 'crossval_index_sets': None,
 'cuda': False,
 'data_path': 'data/min_energy_sample_100.csv',
 'data_weights_path': None,
 'dataset_type': 'regression',
 'depth': 3,
 'depth_solvent': 3,
 'device': device(type='cpu'),
 'dropout': 0.0,
 'empty_cache': False,
 'ensemble_size': 1,
 'epochs': 30,
 'evidential_regularization': 0,
 'explicit_h': False,
 'extra_metrics': [],
 'features_generator': None,
 'features_only': False,
 'features_path': None,
 'features_scaling': True,
 'features_size': None,
 'ffn_hidden_size': 300,
 'ffn_num_layers': 2,
 'final_lr': 0.0001,
 'folds_file': None,
 'freeze_first_only': False,
 'frzn_ffn_layers': 0,
 'gpu': None,
 'grad_clip': None,
 'hidden_size': 300,
 'hidden_size_solvent': 300,
 'ignore_columns': None,
 'init_lr': 0.0001,
 'log_frequency': 10,
 'loss_function': 'mse',
 'max_data_size': None,
 'max_lr': 0.001,
 'metric': 'rmse',
 'metrics': ['rmse'],
 'minimize_score': True,
 'mpn_shared': False,
 'multiclass_num_classes': 3,
 'no_atom_descriptor_scaling': False,
 'no_bond_features_scaling': False,
 'no_cache_mol': False,
 'no_cuda': False,
 'no_features_scaling': False,
 'num_folds': 1,
 'num_lrs': 1,
 'num_tasks': 1,
 'num_workers': 8,
 'number_of_molecules': 1,
 'overwrite_default_atom_features': False,
 'overwrite_default_bond_features': False,
 'phase_features_path': None,
 'pytorch_seed': 0,
 'quiet': False,
 'reaction': False,
 'reaction_mode': 'reac_diff',
 'reaction_solvent': False,
 'resume_experiment': False,
 'save_dir': 'models/chemprop_100',
 'save_preds': False,
 'save_smiles_splits': False,
 'seed': 0,
 'separate_test_atom_descriptors_path': None,
 'separate_test_bond_features_path': None,
 'separate_test_features_path': None,
 'separate_test_path': None,
 'separate_test_phase_features_path': None,
 'separate_val_atom_descriptors_path': None,
 'separate_val_bond_features_path': None,
 'separate_val_features_path': None,
 'separate_val_path': None,
 'separate_val_phase_features_path': None,
 'show_individual_scores': False,
 'smiles_columns': ['SMILES'],
 'spectra_activation': 'exp',
 'spectra_phase_mask_path': None,
 'spectra_target_floor': 1e-08,
 'split_key_molecule': 0,
 'split_sizes': [0.8, 0.1, 0.1],
 'split_type': 'random',
 'target_columns': None,
 'target_weights': None,
 'task_names': ['TotalEnergy'],
 'test': False,
 'test_fold_index': None,
 'train_data_size': None,
 'undirected': False,
 'use_input_features': False,
 'val_fold_index': None,
 'warmup_epochs': 2.0}
Setting molecule featurization parameters to default.
Loading data
Number of tasks = 1
Fold 0
Splitting data with seed 0
Total size = 100 | train size = 80 | val size = 10 | test size = 10
Fitting scaler
Building model 0
MoleculeModel(
  (encoder): MPN(
    (encoder): ModuleList(
      (0): MPNEncoder(
        (dropout_layer): Dropout(p=0.0, inplace=False)
        (act_func): ReLU()
        (W_i): Linear(in_features=147, out_features=300, bias=False)
        (W_h): Linear(in_features=300, out_features=300, bias=False)
        (W_o): Linear(in_features=433, out_features=300, bias=True)
      )
    )
  )
  (ffn): Sequential(
    (0): Dropout(p=0.0, inplace=False)
    (1): Linear(in_features=300, out_features=300, bias=True)
    (2): ReLU()
    (3): Dropout(p=0.0, inplace=False)
    (4): Linear(in_features=300, out_features=1, bias=True)
  )
)
Number of parameters = 355,201
Epoch 0
Validation rmse = 8.735189
Epoch 1
Validation rmse = 9.820911
Epoch 2
Validation rmse = 9.093638
Epoch 3
Validation rmse = 9.613895
Epoch 4
Validation rmse = 9.594528
Epoch 5
Validation rmse = 9.460652
Epoch 6
Loss = 8.9774e-01, PNorm = 34.0315, GNorm = 1.8294, lr_0 = 3.7276e-04
Validation rmse = 9.453873
Epoch 7
Validation rmse = 9.548491
Epoch 8
Validation rmse = 9.610834
Epoch 9
Validation rmse = 9.662253
Epoch 10
Validation rmse = 9.740150
Epoch 11
Validation rmse = 9.834480
Epoch 12
Loss = 8.5528e-01, PNorm = 34.0439, GNorm = 0.6344, lr_0 = 1.3895e-04
Loss = 6.1924e-01, PNorm = 34.0446, GNorm = 2.1038, lr_0 = 1.2798e-04
Validation rmse = 9.911116
Epoch 13
Validation rmse = 9.925955
Epoch 14
Validation rmse = 9.887736
Epoch 15
Validation rmse = 9.855246
Epoch 16
Validation rmse = 9.829513
Epoch 17
Validation rmse = 9.788242
Epoch 18
Loss = 6.9981e-01, PNorm = 34.0509, GNorm = 2.8170, lr_0 = 1.0000e-04
Validation rmse = 9.776048
Epoch 19
Validation rmse = 9.781926
Epoch 20
Validation rmse = 9.774051
Epoch 21
Validation rmse = 9.762296
Epoch 22
Validation rmse = 9.732231
Epoch 23
Validation rmse = 9.710293
Epoch 24
Loss = 7.3159e-01, PNorm = 34.0579, GNorm = 0.8238, lr_0 = 1.0000e-04
Validation rmse = 9.665993
Epoch 25
Validation rmse = 9.620918
Epoch 26
Validation rmse = 9.567641
Epoch 27
Validation rmse = 9.518444
Epoch 28
Validation rmse = 9.476249
Epoch 29
Validation rmse = 9.441878
Model 0 best validation rmse = 8.735189 on epoch 0
Loading pretrained parameter "encoder.encoder.0.cached_zero_vector".
Loading pretrained parameter "encoder.encoder.0.W_i.weight".
Loading pretrained parameter "encoder.encoder.0.W_h.weight".
Loading pretrained parameter "encoder.encoder.0.W_o.weight".
Loading pretrained parameter "encoder.encoder.0.W_o.bias".
Loading pretrained parameter "ffn.1.weight".
Loading pretrained parameter "ffn.1.bias".
Loading pretrained parameter "ffn.4.weight".
Loading pretrained parameter "ffn.4.bias".
Model 0 test rmse = 14.300313
Ensemble test rmse = 14.300313
1-fold cross validation
	Seed 0 ==> test rmse = 14.300313
Overall test rmse = 14.300313 +/- 0.000000
Elapsed time = 0:00:06
